05-14 15:42:05 com_github_MitjaNemec_Archive3DModels.action_archive_3d_models 220:Plugin executed on: 'win32'
05-14 15:42:05 com_github_MitjaNemec_Archive3DModels.action_archive_3d_models 221:Plugin executed with python version: '3.11.5 (main, Apr  9 2024, 02:53:56) [MSC v.1936 64 bit (AMD64)]'
05-14 15:42:05 com_github_MitjaNemec_Archive3DModels.action_archive_3d_models 222:KiCad build version: 8.0.2
05-14 15:42:05 com_github_MitjaNemec_Archive3DModels.action_archive_3d_models 223:Plugin version: 1.0.11

05-14 15:42:05 com_github_MitjaNemec_Archive3DModels.action_archive_3d_models 228:Screen sizes: [wx.Size(1920, 1080), wx.Size(1920, 1200)]
05-14 15:42:05 com_github_MitjaNemec_Archive3DModels.action_archive_3d_models 235:Dialog size: wx.Size(213, 81)
05-14 15:42:05 com_github_MitjaNemec_Archive3DModels.action_archive_3d_models 237:Char size: 20
05-14 15:42:05 com_github_MitjaNemec_Archive3DModels.archive_3d_models 26:Starting to archive 3D models
05-14 15:42:05 com_github_MitjaNemec_Archive3DModels.archive_3d_models 47:Getting 3D models for footprint of: D1
05-14 15:42:05 com_github_MitjaNemec_Archive3DModels.archive_3d_models 58:Trying to copy: ${KIPRJMOD}/packages3D/SMBJ26A.stp
05-14 15:42:05 com_github_MitjaNemec_Archive3DModels.archive_3d_models 138:Remapping: ${KIPRJMOD}/packages3D/SMBJ26A.stp
05-14 15:42:05 com_github_MitjaNemec_Archive3DModels.archive_3d_models 47:Getting 3D models for footprint of: J6
05-14 15:42:05 com_github_MitjaNemec_Archive3DModels.archive_3d_models 58:Trying to copy: ${KIPRJMOD}/packages3D/JST_EH_B3B-EH-A_1x03_P2.50mm_Vertical.wrl
05-14 15:42:05 com_github_MitjaNemec_Archive3DModels.archive_3d_models 138:Remapping: ${KIPRJMOD}/packages3D/JST_EH_B3B-EH-A_1x03_P2.50mm_Vertical.wrl
05-14 15:42:05 com_github_MitjaNemec_Archive3DModels.archive_3d_models 47:Getting 3D models for footprint of: J20
05-14 15:42:05 com_github_MitjaNemec_Archive3DModels.archive_3d_models 58:Trying to copy: ${KIPRJMOD}/packages3D/JST_EH_B5B-EH-A_1x05_P2.50mm_Vertical.wrl
05-14 15:42:05 com_github_MitjaNemec_Archive3DModels.archive_3d_models 138:Remapping: ${KIPRJMOD}/packages3D/JST_EH_B5B-EH-A_1x05_P2.50mm_Vertical.wrl
05-14 15:42:05 com_github_MitjaNemec_Archive3DModels.archive_3d_models 47:Getting 3D models for footprint of: J2
05-14 15:42:05 com_github_MitjaNemec_Archive3DModels.archive_3d_models 58:Trying to copy: ${KIPRJMOD}/packages3D/JST_EH_B4B-EH-A_1x04_P2.50mm_Vertical.wrl
05-14 15:42:05 com_github_MitjaNemec_Archive3DModels.archive_3d_models 138:Remapping: ${KIPRJMOD}/packages3D/JST_EH_B4B-EH-A_1x04_P2.50mm_Vertical.wrl
05-14 15:42:05 com_github_MitjaNemec_Archive3DModels.archive_3d_models 47:Getting 3D models for footprint of: G***
05-14 15:42:05 com_github_MitjaNemec_Archive3DModels.archive_3d_models 47:Getting 3D models for footprint of: J19
05-14 15:42:05 com_github_MitjaNemec_Archive3DModels.archive_3d_models 58:Trying to copy: ${KIPRJMOD}/packages3D/JST_EH_B2B-EH-A_1x02_P2.50mm_Vertical.wrl
05-14 15:42:05 com_github_MitjaNemec_Archive3DModels.archive_3d_models 138:Remapping: ${KIPRJMOD}/packages3D/JST_EH_B2B-EH-A_1x02_P2.50mm_Vertical.wrl
05-14 15:42:05 com_github_MitjaNemec_Archive3DModels.archive_3d_models 47:Getting 3D models for footprint of: J8
05-14 15:42:05 com_github_MitjaNemec_Archive3DModels.archive_3d_models 58:Trying to copy: ${KIPRJMOD}/packages3D/JST_EH_B2B-EH-A_1x02_P2.50mm_Vertical.wrl
05-14 15:42:05 com_github_MitjaNemec_Archive3DModels.archive_3d_models 138:Remapping: ${KIPRJMOD}/packages3D/JST_EH_B2B-EH-A_1x02_P2.50mm_Vertical.wrl
05-14 15:42:05 com_github_MitjaNemec_Archive3DModels.archive_3d_models 47:Getting 3D models for footprint of: J23
05-14 15:42:05 com_github_MitjaNemec_Archive3DModels.archive_3d_models 58:Trying to copy: ${KIPRJMOD}/packages3D/JST_EH_B4B-EH-A_1x04_P2.50mm_Vertical.wrl
05-14 15:42:05 com_github_MitjaNemec_Archive3DModels.archive_3d_models 138:Remapping: ${KIPRJMOD}/packages3D/JST_EH_B4B-EH-A_1x04_P2.50mm_Vertical.wrl
05-14 15:42:05 com_github_MitjaNemec_Archive3DModels.archive_3d_models 47:Getting 3D models for footprint of: J1
05-14 15:42:05 com_github_MitjaNemec_Archive3DModels.archive_3d_models 58:Trying to copy: ${KIPRJMOD}/packages3D/raspberry-pi-5-sbc-simple.step
05-14 15:42:05 com_github_MitjaNemec_Archive3DModels.archive_3d_models 138:Remapping: ${KIPRJMOD}/packages3D/raspberry-pi-5-sbc-simple.step
05-14 15:42:05 com_github_MitjaNemec_Archive3DModels.archive_3d_models 58:Trying to copy: ${KIPRJMOD}/packages3D/raspberry-pi-5-sbc-simple.step
05-14 15:42:05 com_github_MitjaNemec_Archive3DModels.archive_3d_models 138:Remapping: ${KIPRJMOD}/packages3D/raspberry-pi-5-sbc-simple.step
05-14 15:42:05 com_github_MitjaNemec_Archive3DModels.archive_3d_models 47:Getting 3D models for footprint of: J15
05-14 15:42:05 com_github_MitjaNemec_Archive3DModels.archive_3d_models 58:Trying to copy: ${KIPRJMOD}/packages3D/BarrelJack_Horizontal.step
05-14 15:42:05 com_github_MitjaNemec_Archive3DModels.archive_3d_models 138:Remapping: ${KIPRJMOD}/packages3D/BarrelJack_Horizontal.step
05-14 15:42:05 com_github_MitjaNemec_Archive3DModels.archive_3d_models 47:Getting 3D models for footprint of: J4
05-14 15:42:05 com_github_MitjaNemec_Archive3DModels.archive_3d_models 58:Trying to copy: ${KIPRJMOD}/packages3D/JST_EH_B3B-EH-A_1x03_P2.50mm_Vertical.wrl
05-14 15:42:05 com_github_MitjaNemec_Archive3DModels.archive_3d_models 138:Remapping: ${KIPRJMOD}/packages3D/JST_EH_B3B-EH-A_1x03_P2.50mm_Vertical.wrl
05-14 15:42:05 com_github_MitjaNemec_Archive3DModels.archive_3d_models 47:Getting 3D models for footprint of: C1
05-14 15:42:05 com_github_MitjaNemec_Archive3DModels.archive_3d_models 58:Trying to copy: ${KIPRJMOD}/packages3D/C_1206_3216Metric.wrl
05-14 15:42:05 com_github_MitjaNemec_Archive3DModels.archive_3d_models 138:Remapping: ${KIPRJMOD}/packages3D/C_1206_3216Metric.wrl
05-14 15:42:05 com_github_MitjaNemec_Archive3DModels.archive_3d_models 47:Getting 3D models for footprint of: G***
05-14 15:42:05 com_github_MitjaNemec_Archive3DModels.archive_3d_models 47:Getting 3D models for footprint of: G***
05-14 15:42:05 com_github_MitjaNemec_Archive3DModels.archive_3d_models 47:Getting 3D models for footprint of: J14
05-14 15:42:05 com_github_MitjaNemec_Archive3DModels.archive_3d_models 58:Trying to copy: ${KIPRJMOD}/packages3D/JST_EH_B2B-EH-A_1x02_P2.50mm_Vertical.wrl
05-14 15:42:05 com_github_MitjaNemec_Archive3DModels.archive_3d_models 138:Remapping: ${KIPRJMOD}/packages3D/JST_EH_B2B-EH-A_1x02_P2.50mm_Vertical.wrl
05-14 15:42:05 com_github_MitjaNemec_Archive3DModels.archive_3d_models 47:Getting 3D models for footprint of: J9
05-14 15:42:05 com_github_MitjaNemec_Archive3DModels.archive_3d_models 58:Trying to copy: ${KIPRJMOD}/packages3D/JST_EH_B2B-EH-A_1x02_P2.50mm_Vertical.wrl
05-14 15:42:05 com_github_MitjaNemec_Archive3DModels.archive_3d_models 138:Remapping: ${KIPRJMOD}/packages3D/JST_EH_B2B-EH-A_1x02_P2.50mm_Vertical.wrl
05-14 15:42:05 com_github_MitjaNemec_Archive3DModels.archive_3d_models 47:Getting 3D models for footprint of: J13
05-14 15:42:05 com_github_MitjaNemec_Archive3DModels.archive_3d_models 58:Trying to copy: ${KIPRJMOD}/packages3D/JST_EH_B2B-EH-A_1x02_P2.50mm_Vertical.wrl
05-14 15:42:05 com_github_MitjaNemec_Archive3DModels.archive_3d_models 138:Remapping: ${KIPRJMOD}/packages3D/JST_EH_B2B-EH-A_1x02_P2.50mm_Vertical.wrl
05-14 15:42:05 com_github_MitjaNemec_Archive3DModels.archive_3d_models 47:Getting 3D models for footprint of: J22
05-14 15:42:05 com_github_MitjaNemec_Archive3DModels.archive_3d_models 58:Trying to copy: ${KIPRJMOD}/packages3D/JST_EH_B2B-EH-A_1x02_P2.50mm_Vertical.wrl
05-14 15:42:05 com_github_MitjaNemec_Archive3DModels.archive_3d_models 138:Remapping: ${KIPRJMOD}/packages3D/JST_EH_B2B-EH-A_1x02_P2.50mm_Vertical.wrl
05-14 15:42:05 com_github_MitjaNemec_Archive3DModels.archive_3d_models 47:Getting 3D models for footprint of: J24
05-14 15:42:05 com_github_MitjaNemec_Archive3DModels.archive_3d_models 58:Trying to copy: ${KIPRJMOD}/packages3D/JST_EH_B2B-EH-A_1x02_P2.50mm_Vertical.wrl
05-14 15:42:05 com_github_MitjaNemec_Archive3DModels.archive_3d_models 138:Remapping: ${KIPRJMOD}/packages3D/JST_EH_B2B-EH-A_1x02_P2.50mm_Vertical.wrl
05-14 15:42:05 com_github_MitjaNemec_Archive3DModels.archive_3d_models 47:Getting 3D models for footprint of: JP2
05-14 15:42:05 com_github_MitjaNemec_Archive3DModels.archive_3d_models 47:Getting 3D models for footprint of: H1
05-14 15:42:05 com_github_MitjaNemec_Archive3DModels.archive_3d_models 47:Getting 3D models for footprint of: JP1
05-14 15:42:05 com_github_MitjaNemec_Archive3DModels.archive_3d_models 47:Getting 3D models for footprint of: J7
05-14 15:42:05 com_github_MitjaNemec_Archive3DModels.archive_3d_models 58:Trying to copy: ${KIPRJMOD}/packages3D/JST_EH_B4B-EH-A_1x04_P2.50mm_Vertical.wrl
05-14 15:42:05 com_github_MitjaNemec_Archive3DModels.archive_3d_models 138:Remapping: ${KIPRJMOD}/packages3D/JST_EH_B4B-EH-A_1x04_P2.50mm_Vertical.wrl
05-14 15:42:05 com_github_MitjaNemec_Archive3DModels.archive_3d_models 47:Getting 3D models for footprint of: F1
05-14 15:42:05 com_github_MitjaNemec_Archive3DModels.archive_3d_models 58:Trying to copy: ${KIPRJMOD}/packages3D/Fuse_1210_3225Metric.wrl
05-14 15:42:05 com_github_MitjaNemec_Archive3DModels.archive_3d_models 138:Remapping: ${KIPRJMOD}/packages3D/Fuse_1210_3225Metric.wrl
05-14 15:42:05 com_github_MitjaNemec_Archive3DModels.archive_3d_models 47:Getting 3D models for footprint of: H2
05-14 15:42:05 com_github_MitjaNemec_Archive3DModels.archive_3d_models 47:Getting 3D models for footprint of: J18
05-14 15:42:05 com_github_MitjaNemec_Archive3DModels.archive_3d_models 58:Trying to copy: ${KIPRJMOD}/packages3D/JST_EH_B2B-EH-A_1x02_P2.50mm_Vertical.wrl
05-14 15:42:05 com_github_MitjaNemec_Archive3DModels.archive_3d_models 138:Remapping: ${KIPRJMOD}/packages3D/JST_EH_B2B-EH-A_1x02_P2.50mm_Vertical.wrl
05-14 15:42:05 com_github_MitjaNemec_Archive3DModels.archive_3d_models 47:Getting 3D models for footprint of: U1
05-14 15:42:05 com_github_MitjaNemec_Archive3DModels.archive_3d_models 58:Trying to copy: ${KIPRJMOD}/packages3D/PinSocket_1x20_P2.54mm_Vertical.step
05-14 15:42:05 com_github_MitjaNemec_Archive3DModels.archive_3d_models 138:Remapping: ${KIPRJMOD}/packages3D/PinSocket_1x20_P2.54mm_Vertical.step
05-14 15:42:05 com_github_MitjaNemec_Archive3DModels.archive_3d_models 58:Trying to copy: ${KIPRJMOD}/packages3D/PinSocket_1x20_P2.54mm_Vertical.step
05-14 15:42:05 com_github_MitjaNemec_Archive3DModels.archive_3d_models 138:Remapping: ${KIPRJMOD}/packages3D/PinSocket_1x20_P2.54mm_Vertical.step
05-14 15:42:05 com_github_MitjaNemec_Archive3DModels.archive_3d_models 58:Trying to copy: ${KIPRJMOD}/packages3D/PinSocket_1x20_P2.54mm_Vertical.step
05-14 15:42:05 com_github_MitjaNemec_Archive3DModels.archive_3d_models 138:Remapping: ${KIPRJMOD}/packages3D/PinSocket_1x20_P2.54mm_Vertical.step
05-14 15:42:05 com_github_MitjaNemec_Archive3DModels.archive_3d_models 47:Getting 3D models for footprint of: H4
05-14 15:42:05 com_github_MitjaNemec_Archive3DModels.archive_3d_models 47:Getting 3D models for footprint of: TP1
05-14 15:42:05 com_github_MitjaNemec_Archive3DModels.archive_3d_models 47:Getting 3D models for footprint of: H3
05-14 15:42:05 com_github_MitjaNemec_Archive3DModels.archive_3d_models 47:Getting 3D models for footprint of: J3
05-14 15:42:05 com_github_MitjaNemec_Archive3DModels.archive_3d_models 58:Trying to copy: ${KIPRJMOD}/packages3D/adafruit_MAX9744 v3.step
05-14 15:42:05 com_github_MitjaNemec_Archive3DModels.archive_3d_models 138:Remapping: ${KIPRJMOD}/packages3D/adafruit_MAX9744 v3.step
05-14 15:42:05 com_github_MitjaNemec_Archive3DModels.archive_3d_models 58:Trying to copy: ${KIPRJMOD}/packages3D/adafruit_MAX9744 v3.step
05-14 15:42:05 com_github_MitjaNemec_Archive3DModels.archive_3d_models 138:Remapping: ${KIPRJMOD}/packages3D/adafruit_MAX9744 v3.step
05-14 15:42:05 com_github_MitjaNemec_Archive3DModels.archive_3d_models 47:Getting 3D models for footprint of: J10
05-14 15:42:05 com_github_MitjaNemec_Archive3DModels.archive_3d_models 58:Trying to copy: ${KIPRJMOD}/packages3D/JST_EH_B2B-EH-A_1x02_P2.50mm_Vertical.wrl
05-14 15:42:05 com_github_MitjaNemec_Archive3DModels.archive_3d_models 138:Remapping: ${KIPRJMOD}/packages3D/JST_EH_B2B-EH-A_1x02_P2.50mm_Vertical.wrl
05-14 15:42:05 com_github_MitjaNemec_Archive3DModels.archive_3d_models 47:Getting 3D models for footprint of: J21
05-14 15:42:05 com_github_MitjaNemec_Archive3DModels.archive_3d_models 58:Trying to copy: ${KIPRJMOD}/packages3D/JST_EH_B5B-EH-A_1x05_P2.50mm_Vertical.wrl
05-14 15:42:05 com_github_MitjaNemec_Archive3DModels.archive_3d_models 138:Remapping: ${KIPRJMOD}/packages3D/JST_EH_B5B-EH-A_1x05_P2.50mm_Vertical.wrl
05-14 15:42:05 com_github_MitjaNemec_Archive3DModels.archive_3d_models 47:Getting 3D models for footprint of: J12
05-14 15:42:05 com_github_MitjaNemec_Archive3DModels.archive_3d_models 58:Trying to copy: ${KIPRJMOD}/packages3D/JST_EH_B2B-EH-A_1x02_P2.50mm_Vertical.wrl
05-14 15:42:05 com_github_MitjaNemec_Archive3DModels.archive_3d_models 138:Remapping: ${KIPRJMOD}/packages3D/JST_EH_B2B-EH-A_1x02_P2.50mm_Vertical.wrl
05-14 15:42:05 com_github_MitjaNemec_Archive3DModels.archive_3d_models 47:Getting 3D models for footprint of: J5
05-14 15:42:05 com_github_MitjaNemec_Archive3DModels.archive_3d_models 58:Trying to copy: ${KIPRJMOD}/packages3D/JST_EH_B3B-EH-A_1x03_P2.50mm_Vertical.wrl
05-14 15:42:05 com_github_MitjaNemec_Archive3DModels.archive_3d_models 138:Remapping: ${KIPRJMOD}/packages3D/JST_EH_B3B-EH-A_1x03_P2.50mm_Vertical.wrl
05-14 15:42:05 com_github_MitjaNemec_Archive3DModels.archive_3d_models 47:Getting 3D models for footprint of: D2
05-14 15:42:05 com_github_MitjaNemec_Archive3DModels.archive_3d_models 58:Trying to copy: ${KIPRJMOD}/packages3D/LED_WS2812B_PLCC4_5.0x5.0mm_P3.2mm.wrl
05-14 15:42:05 com_github_MitjaNemec_Archive3DModels.archive_3d_models 138:Remapping: ${KIPRJMOD}/packages3D/LED_WS2812B_PLCC4_5.0x5.0mm_P3.2mm.wrl
05-14 15:42:05 com_github_MitjaNemec_Archive3DModels.archive_3d_models 47:Getting 3D models for footprint of: G***
05-14 15:42:05 com_github_MitjaNemec_Archive3DModels.archive_3d_models 47:Getting 3D models for footprint of: G***
05-14 15:42:05 com_github_MitjaNemec_Archive3DModels.archive_3d_models 47:Getting 3D models for footprint of: G***
